<?xml version="1.0" encoding="UTF-8"?>
<!-- Generated by org.testng.reporters.JUnitXMLReporter -->
<testsuite ignored="0" hostname="Josephs-MBP-3" failures="0" tests="3" name="Default test" time="10.943" errors="0" timestamp="2020-11-27T20:33:07 EST">
  <testcase classname="dataDriven.ParameterDriven" name="testMethod" time="4.018"/>
  <testcase classname="dataDriven.ParameterDriven" name="testMethod" time="3.314"/>
  <testcase classname="dataDriven.ParameterDriven" name="testMethod" time="3.584"/>
</testsuite> <!-- Default test -->
