<?xml version="1.0" encoding="UTF-8"?>
<!-- Generated by org.testng.reporters.JUnitXMLReporter -->
<testsuite ignored="0" hostname="Josephs-MacBook-Pro-3.local" failures="0" tests="11" name="Default test" time="19.595" errors="0" timestamp="2020-11-08T22:44:49 EST">
  <testcase classname="Automation.TheInternet" name="canLaunchChromeDriver" time="0.351"/>
  <testcase classname="Automation.TheInternet" name="tc10CanSelectDropdownListItem" time="0.24"/>
  <testcase classname="Automation.TheInternet" name="tc11DynamicControls" time="3.285"/>
  <testcase classname="Automation.TheInternet" name="tc12DynamicLoading" time="5.468"/>
  <testcase classname="Automation.TheInternet" name="tc1canNavigateToIndexPage" time="0.101"/>
  <testcase classname="Automation.TheInternet" name="tc2AddRemoveElement" time="4.762"/>
  <testcase classname="Automation.TheInternet" name="tc3BasicAuth" time="0.401"/>
  <testcase classname="Automation.TheInternet" name="tc4ChallengingDom" time="1.69"/>
  <testcase classname="Automation.TheInternet" name="tc6ContextMenu" time="0.489"/>
  <testcase classname="Automation.TheInternet" name="tc7DisappearingElements" time="0.687"/>
  <testcase classname="Automation.TheInternet" name="tc9DragAndDrop" time="0.864"/>
</testsuite> <!-- Default test -->
