<?xml version="1.0" encoding="UTF-8"?>
<testng-results ignored="0" total="2" passed="2" failed="0" skipped="0">
  <reporter-output>
  </reporter-output>
  <suite started-at="2020-11-10T16:15:11 EST" name="Default suite" finished-at="2020-11-10T16:15:16 EST" duration-ms="5161">
    <groups>
    </groups>
    <test started-at="2020-11-10T16:15:11 EST" name="Default test" finished-at="2020-11-10T16:15:16 EST" duration-ms="5161">
      <class name="Automation.TheInternet">
        <test-method is-config="true" signature="beforeTest()[pri:0, instance:Automation.TheInternet@4034c28c]" started-at="2020-11-10T16:15:11 EST" name="beforeTest" finished-at="2020-11-10T16:15:12 EST" duration-ms="1187" status="PASS">
          <reporter-output>
          </reporter-output>
        </test-method> <!-- beforeTest -->
        <test-method signature="canLaunchChromeDriver()[pri:0, instance:Automation.TheInternet@4034c28c]" started-at="2020-11-10T16:15:12 EST" name="canLaunchChromeDriver" finished-at="2020-11-10T16:15:15 EST" duration-ms="3314" status="PASS">
          <reporter-output>
          </reporter-output>
        </test-method> <!-- canLaunchChromeDriver -->
        <test-method signature="tc16FileUploader()[pri:0, instance:Automation.TheInternet@4034c28c]" started-at="2020-11-10T16:15:15 EST" name="tc16FileUploader" finished-at="2020-11-10T16:15:16 EST" duration-ms="546" status="PASS">
          <reporter-output>
          </reporter-output>
        </test-method> <!-- tc16FileUploader -->
        <test-method is-config="true" signature="afterTest()[pri:0, instance:Automation.TheInternet@4034c28c]" started-at="2020-11-10T16:15:16 EST" name="afterTest" finished-at="2020-11-10T16:15:16 EST" duration-ms="91" status="PASS">
          <reporter-output>
          </reporter-output>
        </test-method> <!-- afterTest -->
      </class> <!-- Automation.TheInternet -->
    </test> <!-- Default test -->
  </suite> <!-- Default suite -->
</testng-results>
