<?xml version="1.0" encoding="UTF-8"?>
<testng-results ignored="0" total="23" passed="21" failed="2" skipped="0">
  <reporter-output>
  </reporter-output>
  <suite started-at="2020-11-12T21:46:57 EST" name="Default suite" finished-at="2020-11-12T21:47:35 EST" duration-ms="38183">
    <groups>
    </groups>
    <test started-at="2020-11-12T21:46:57 EST" name="Default test" finished-at="2020-11-12T21:47:35 EST" duration-ms="38183">
      <class name="theInternet.pages.TheInternet">
        <test-method is-config="true" signature="beforeTest()[pri:0, instance:theInternet.pages.TheInternet@657c8ad9]" started-at="2020-11-12T21:46:57 EST" name="beforeTest" finished-at="2020-11-12T21:46:58 EST" duration-ms="1188" status="PASS">
          <reporter-output>
          </reporter-output>
        </test-method> <!-- beforeTest -->
        <test-method signature="canLaunchChromeDriver()[pri:0, instance:theInternet.pages.TheInternet@657c8ad9]" started-at="2020-11-12T21:46:58 EST" name="canLaunchChromeDriver" finished-at="2020-11-12T21:46:58 EST" duration-ms="371" status="PASS">
          <reporter-output>
          </reporter-output>
        </test-method> <!-- canLaunchChromeDriver -->
        <test-method signature="tc10CanSelectDropdownListItem()[pri:0, instance:theInternet.pages.TheInternet@657c8ad9]" started-at="2020-11-12T21:46:58 EST" name="tc10CanSelectDropdownListItem" finished-at="2020-11-12T21:46:59 EST" duration-ms="258" status="PASS">
          <reporter-output>
          </reporter-output>
        </test-method> <!-- tc10CanSelectDropdownListItem -->
        <test-method signature="tc11DynamicControls()[pri:0, instance:theInternet.pages.TheInternet@657c8ad9]" started-at="2020-11-12T21:46:59 EST" name="tc11DynamicControls" finished-at="2020-11-12T21:47:02 EST" duration-ms="3314" status="PASS">
          <reporter-output>
          </reporter-output>
        </test-method> <!-- tc11DynamicControls -->
        <test-method signature="tc12DynamicLoading()[pri:0, instance:theInternet.pages.TheInternet@657c8ad9]" started-at="2020-11-12T21:47:02 EST" name="tc12DynamicLoading" finished-at="2020-11-12T21:47:08 EST" duration-ms="5600" status="PASS">
          <reporter-output>
          </reporter-output>
        </test-method> <!-- tc12DynamicLoading -->
        <test-method signature="tc13EntryAd()[pri:0, instance:theInternet.pages.TheInternet@657c8ad9]" started-at="2020-11-12T21:47:08 EST" name="tc13EntryAd" finished-at="2020-11-12T21:47:08 EST" duration-ms="633" status="FAIL">
          <exception class="org.openqa.selenium.ElementNotInteractableException">
            <message>
              <![CDATA[element not interactable: element has zero size
  (Session info: chrome=86.0.4240.193)
Build info: version: '3.141.59', revision: 'e82be7d358', time: '2018-11-14T08:17:03'
System info: host: 'Josephs-MacBook-Pro-3.local', ip: 'fe80:0:0:0:43e:2abe:ed1a:4e98%en0', os.name: 'Mac OS X', os.arch: 'x86_64', os.version: '10.15.7', java.version: '15.0.1'
Driver info: org.openqa.selenium.chrome.ChromeDriver
Capabilities {acceptInsecureCerts: false, browserName: chrome, browserVersion: 86.0.4240.193, chrome: {chromedriverVersion: 86.0.4240.22 (398b0743353ff..., userDataDir: /var/folders/f_/zztm12p51d3...}, goog:chromeOptions: {debuggerAddress: localhost:56316}, javascriptEnabled: true, networkConnectionEnabled: false, pageLoadStrategy: normal, platform: MAC, platformName: MAC, proxy: Proxy(), setWindowRect: true, strictFileInteractability: false, timeouts: {implicit: 0, pageLoad: 300000, script: 30000}, unhandledPromptBehavior: dismiss and notify, webauthn:virtualAuthenticators: true}
Session ID: cf697381742808415a9113cd6945451a]]>
            </message>
            <full-stacktrace>
              <![CDATA[org.openqa.selenium.ElementNotInteractableException: element not interactable: element has zero size
  (Session info: chrome=86.0.4240.193)
Build info: version: '3.141.59', revision: 'e82be7d358', time: '2018-11-14T08:17:03'
System info: host: 'Josephs-MacBook-Pro-3.local', ip: 'fe80:0:0:0:43e:2abe:ed1a:4e98%en0', os.name: 'Mac OS X', os.arch: 'x86_64', os.version: '10.15.7', java.version: '15.0.1'
Driver info: org.openqa.selenium.chrome.ChromeDriver
Capabilities {acceptInsecureCerts: false, browserName: chrome, browserVersion: 86.0.4240.193, chrome: {chromedriverVersion: 86.0.4240.22 (398b0743353ff..., userDataDir: /var/folders/f_/zztm12p51d3...}, goog:chromeOptions: {debuggerAddress: localhost:56316}, javascriptEnabled: true, networkConnectionEnabled: false, pageLoadStrategy: normal, platform: MAC, platformName: MAC, proxy: Proxy(), setWindowRect: true, strictFileInteractability: false, timeouts: {implicit: 0, pageLoad: 300000, script: 30000}, unhandledPromptBehavior: dismiss and notify, webauthn:virtualAuthenticators: true}
Session ID: cf697381742808415a9113cd6945451a
at java.base/jdk.internal.reflect.NativeConstructorAccessorImpl.newInstance0(Native Method)
at java.base/jdk.internal.reflect.NativeConstructorAccessorImpl.newInstance(NativeConstructorAccessorImpl.java:64)
at java.base/jdk.internal.reflect.DelegatingConstructorAccessorImpl.newInstance(DelegatingConstructorAccessorImpl.java:45)
at java.base/java.lang.reflect.Constructor.newInstanceWithCaller(Constructor.java:500)
at java.base/java.lang.reflect.Constructor.newInstance(Constructor.java:481)
at org.openqa.selenium.remote.http.W3CHttpResponseCodec.createException(W3CHttpResponseCodec.java:187)
at org.openqa.selenium.remote.http.W3CHttpResponseCodec.decode(W3CHttpResponseCodec.java:122)
at org.openqa.selenium.remote.http.W3CHttpResponseCodec.decode(W3CHttpResponseCodec.java:49)
at org.openqa.selenium.remote.HttpCommandExecutor.execute(HttpCommandExecutor.java:158)
at org.openqa.selenium.remote.service.DriverCommandExecutor.execute(DriverCommandExecutor.java:83)
at org.openqa.selenium.remote.RemoteWebDriver.execute(RemoteWebDriver.java:552)
at org.openqa.selenium.remote.RemoteWebElement.execute(RemoteWebElement.java:285)
at org.openqa.selenium.remote.RemoteWebElement.click(RemoteWebElement.java:84)
at theInternet.pages.EntryAd.select(EntryAd.java:28)
at theInternet.pages.TheInternet.tc13EntryAd(TheInternet.java:178)
at java.base/jdk.internal.reflect.NativeMethodAccessorImpl.invoke0(Native Method)
at java.base/jdk.internal.reflect.NativeMethodAccessorImpl.invoke(NativeMethodAccessorImpl.java:64)
at java.base/jdk.internal.reflect.DelegatingMethodAccessorImpl.invoke(DelegatingMethodAccessorImpl.java:43)
at java.base/java.lang.reflect.Method.invoke(Method.java:564)
at org.testng.internal.MethodInvocationHelper.invokeMethod(MethodInvocationHelper.java:134)
at org.testng.internal.TestInvoker.invokeMethod(TestInvoker.java:597)
at org.testng.internal.TestInvoker.invokeTestMethod(TestInvoker.java:173)
at org.testng.internal.MethodRunner.runInSequence(MethodRunner.java:46)
at org.testng.internal.TestInvoker$MethodInvocationAgent.invoke(TestInvoker.java:816)
at org.testng.internal.TestInvoker.invokeTestMethods(TestInvoker.java:146)
at org.testng.internal.TestMethodWorker.invokeTestMethods(TestMethodWorker.java:146)
at org.testng.internal.TestMethodWorker.run(TestMethodWorker.java:128)
at java.base/java.util.ArrayList.forEach(ArrayList.java:1511)
at org.testng.TestRunner.privateRun(TestRunner.java:766)
at org.testng.TestRunner.run(TestRunner.java:587)
at org.testng.SuiteRunner.runTest(SuiteRunner.java:384)
at org.testng.SuiteRunner.runSequentially(SuiteRunner.java:378)
at org.testng.SuiteRunner.privateRun(SuiteRunner.java:337)
at org.testng.SuiteRunner.run(SuiteRunner.java:286)
at org.testng.SuiteRunnerWorker.runSuite(SuiteRunnerWorker.java:53)
at org.testng.SuiteRunnerWorker.run(SuiteRunnerWorker.java:96)
at org.testng.TestNG.runSuitesSequentially(TestNG.java:1187)
at org.testng.TestNG.runSuitesLocally(TestNG.java:1109)
at org.testng.TestNG.runSuites(TestNG.java:1039)
at org.testng.TestNG.run(TestNG.java:1007)
at org.testng.remote.AbstractRemoteTestNG.run(AbstractRemoteTestNG.java:115)
at org.testng.remote.RemoteTestNG.initAndRun(RemoteTestNG.java:251)
at org.testng.remote.RemoteTestNG.main(RemoteTestNG.java:77)
]]>
            </full-stacktrace>
          </exception> <!-- org.openqa.selenium.ElementNotInteractableException -->
          <reporter-output>
          </reporter-output>
        </test-method> <!-- tc13EntryAd -->
        <test-method signature="tc14ExitIntent()[pri:0, instance:theInternet.pages.TheInternet@657c8ad9]" started-at="2020-11-12T21:47:08 EST" name="tc14ExitIntent" finished-at="2020-11-12T21:47:09 EST" duration-ms="736" status="FAIL">
          <exception class="org.openqa.selenium.ElementNotInteractableException">
            <message>
              <![CDATA[element not interactable: element has zero size
  (Session info: chrome=86.0.4240.193)
Build info: version: '3.141.59', revision: 'e82be7d358', time: '2018-11-14T08:17:03'
System info: host: 'Josephs-MacBook-Pro-3.local', ip: 'fe80:0:0:0:43e:2abe:ed1a:4e98%en0', os.name: 'Mac OS X', os.arch: 'x86_64', os.version: '10.15.7', java.version: '15.0.1'
Driver info: org.openqa.selenium.chrome.ChromeDriver
Capabilities {acceptInsecureCerts: false, browserName: chrome, browserVersion: 86.0.4240.193, chrome: {chromedriverVersion: 86.0.4240.22 (398b0743353ff..., userDataDir: /var/folders/f_/zztm12p51d3...}, goog:chromeOptions: {debuggerAddress: localhost:56316}, javascriptEnabled: true, networkConnectionEnabled: false, pageLoadStrategy: normal, platform: MAC, platformName: MAC, proxy: Proxy(), setWindowRect: true, strictFileInteractability: false, timeouts: {implicit: 0, pageLoad: 300000, script: 30000}, unhandledPromptBehavior: dismiss and notify, webauthn:virtualAuthenticators: true}
Session ID: cf697381742808415a9113cd6945451a]]>
            </message>
            <full-stacktrace>
              <![CDATA[org.openqa.selenium.ElementNotInteractableException: element not interactable: element has zero size
  (Session info: chrome=86.0.4240.193)
Build info: version: '3.141.59', revision: 'e82be7d358', time: '2018-11-14T08:17:03'
System info: host: 'Josephs-MacBook-Pro-3.local', ip: 'fe80:0:0:0:43e:2abe:ed1a:4e98%en0', os.name: 'Mac OS X', os.arch: 'x86_64', os.version: '10.15.7', java.version: '15.0.1'
Driver info: org.openqa.selenium.chrome.ChromeDriver
Capabilities {acceptInsecureCerts: false, browserName: chrome, browserVersion: 86.0.4240.193, chrome: {chromedriverVersion: 86.0.4240.22 (398b0743353ff..., userDataDir: /var/folders/f_/zztm12p51d3...}, goog:chromeOptions: {debuggerAddress: localhost:56316}, javascriptEnabled: true, networkConnectionEnabled: false, pageLoadStrategy: normal, platform: MAC, platformName: MAC, proxy: Proxy(), setWindowRect: true, strictFileInteractability: false, timeouts: {implicit: 0, pageLoad: 300000, script: 30000}, unhandledPromptBehavior: dismiss and notify, webauthn:virtualAuthenticators: true}
Session ID: cf697381742808415a9113cd6945451a
at java.base/jdk.internal.reflect.NativeConstructorAccessorImpl.newInstance0(Native Method)
at java.base/jdk.internal.reflect.NativeConstructorAccessorImpl.newInstance(NativeConstructorAccessorImpl.java:64)
at java.base/jdk.internal.reflect.DelegatingConstructorAccessorImpl.newInstance(DelegatingConstructorAccessorImpl.java:45)
at java.base/java.lang.reflect.Constructor.newInstanceWithCaller(Constructor.java:500)
at java.base/java.lang.reflect.Constructor.newInstance(Constructor.java:481)
at org.openqa.selenium.remote.http.W3CHttpResponseCodec.createException(W3CHttpResponseCodec.java:187)
at org.openqa.selenium.remote.http.W3CHttpResponseCodec.decode(W3CHttpResponseCodec.java:122)
at org.openqa.selenium.remote.http.W3CHttpResponseCodec.decode(W3CHttpResponseCodec.java:49)
at org.openqa.selenium.remote.HttpCommandExecutor.execute(HttpCommandExecutor.java:158)
at org.openqa.selenium.remote.service.DriverCommandExecutor.execute(DriverCommandExecutor.java:83)
at org.openqa.selenium.remote.RemoteWebDriver.execute(RemoteWebDriver.java:552)
at org.openqa.selenium.remote.RemoteWebElement.execute(RemoteWebElement.java:285)
at org.openqa.selenium.remote.RemoteWebElement.click(RemoteWebElement.java:84)
at theInternet.pages.ExitAd.select(ExitAd.java:31)
at theInternet.pages.TheInternet.tc14ExitIntent(TheInternet.java:194)
at java.base/jdk.internal.reflect.NativeMethodAccessorImpl.invoke0(Native Method)
at java.base/jdk.internal.reflect.NativeMethodAccessorImpl.invoke(NativeMethodAccessorImpl.java:64)
at java.base/jdk.internal.reflect.DelegatingMethodAccessorImpl.invoke(DelegatingMethodAccessorImpl.java:43)
at java.base/java.lang.reflect.Method.invoke(Method.java:564)
at org.testng.internal.MethodInvocationHelper.invokeMethod(MethodInvocationHelper.java:134)
at org.testng.internal.TestInvoker.invokeMethod(TestInvoker.java:597)
at org.testng.internal.TestInvoker.invokeTestMethod(TestInvoker.java:173)
at org.testng.internal.MethodRunner.runInSequence(MethodRunner.java:46)
at org.testng.internal.TestInvoker$MethodInvocationAgent.invoke(TestInvoker.java:816)
at org.testng.internal.TestInvoker.invokeTestMethods(TestInvoker.java:146)
at org.testng.internal.TestMethodWorker.invokeTestMethods(TestMethodWorker.java:146)
at org.testng.internal.TestMethodWorker.run(TestMethodWorker.java:128)
at java.base/java.util.ArrayList.forEach(ArrayList.java:1511)
at org.testng.TestRunner.privateRun(TestRunner.java:766)
at org.testng.TestRunner.run(TestRunner.java:587)
at org.testng.SuiteRunner.runTest(SuiteRunner.java:384)
at org.testng.SuiteRunner.runSequentially(SuiteRunner.java:378)
at org.testng.SuiteRunner.privateRun(SuiteRunner.java:337)
at org.testng.SuiteRunner.run(SuiteRunner.java:286)
at org.testng.SuiteRunnerWorker.runSuite(SuiteRunnerWorker.java:53)
at org.testng.SuiteRunnerWorker.run(SuiteRunnerWorker.java:96)
at org.testng.TestNG.runSuitesSequentially(TestNG.java:1187)
at org.testng.TestNG.runSuitesLocally(TestNG.java:1109)
at org.testng.TestNG.runSuites(TestNG.java:1039)
at org.testng.TestNG.run(TestNG.java:1007)
at org.testng.remote.AbstractRemoteTestNG.run(AbstractRemoteTestNG.java:115)
at org.testng.remote.RemoteTestNG.initAndRun(RemoteTestNG.java:251)
at org.testng.remote.RemoteTestNG.main(RemoteTestNG.java:77)
]]>
            </full-stacktrace>
          </exception> <!-- org.openqa.selenium.ElementNotInteractableException -->
          <reporter-output>
          </reporter-output>
        </test-method> <!-- tc14ExitIntent -->
        <test-method signature="tc15FileDownload()[pri:0, instance:theInternet.pages.TheInternet@657c8ad9]" started-at="2020-11-12T21:47:09 EST" name="tc15FileDownload" finished-at="2020-11-12T21:47:09 EST" duration-ms="240" status="PASS">
          <reporter-output>
          </reporter-output>
        </test-method> <!-- tc15FileDownload -->
        <test-method signature="tc16FileUploader()[pri:0, instance:theInternet.pages.TheInternet@657c8ad9]" started-at="2020-11-12T21:47:09 EST" name="tc16FileUploader" finished-at="2020-11-12T21:47:10 EST" duration-ms="558" status="PASS">
          <reporter-output>
          </reporter-output>
        </test-method> <!-- tc16FileUploader -->
        <test-method signature="tc17ForgotPassword()[pri:0, instance:theInternet.pages.TheInternet@657c8ad9]" started-at="2020-11-12T21:47:10 EST" name="tc17ForgotPassword" finished-at="2020-11-12T21:47:11 EST" duration-ms="914" status="PASS">
          <reporter-output>
          </reporter-output>
        </test-method> <!-- tc17ForgotPassword -->
        <test-method signature="tc18FormAuthentication()[pri:0, instance:theInternet.pages.TheInternet@657c8ad9]" started-at="2020-11-12T21:47:11 EST" name="tc18FormAuthentication" finished-at="2020-11-12T21:47:11 EST" duration-ms="616" status="PASS">
          <reporter-output>
          </reporter-output>
        </test-method> <!-- tc18FormAuthentication -->
        <test-method signature="tc19Frames()[pri:0, instance:theInternet.pages.TheInternet@657c8ad9]" started-at="2020-11-12T21:47:11 EST" name="tc19Frames" finished-at="2020-11-12T21:47:12 EST" duration-ms="796" status="PASS">
          <reporter-output>
          </reporter-output>
        </test-method> <!-- tc19Frames -->
        <test-method signature="tc1canNavigateToIndexPage()[pri:0, instance:theInternet.pages.TheInternet@657c8ad9]" started-at="2020-11-12T21:47:12 EST" name="tc1canNavigateToIndexPage" finished-at="2020-11-12T21:47:12 EST" duration-ms="127" status="PASS">
          <reporter-output>
          </reporter-output>
        </test-method> <!-- tc1canNavigateToIndexPage -->
        <test-method signature="tc20HorizontalSlider()[pri:0, instance:theInternet.pages.TheInternet@657c8ad9]" started-at="2020-11-12T21:47:12 EST" name="tc20HorizontalSlider" finished-at="2020-11-12T21:47:12 EST" duration-ms="255" status="PASS">
          <reporter-output>
          </reporter-output>
        </test-method> <!-- tc20HorizontalSlider -->
        <test-method signature="tc21Hovers()[pri:0, instance:theInternet.pages.TheInternet@657c8ad9]" started-at="2020-11-12T21:47:13 EST" name="tc21Hovers" finished-at="2020-11-12T21:47:13 EST" duration-ms="947" status="PASS">
          <reporter-output>
          </reporter-output>
        </test-method> <!-- tc21Hovers -->
        <test-method signature="tc22InfiniteScroll()[pri:0, instance:theInternet.pages.TheInternet@657c8ad9]" started-at="2020-11-12T21:47:13 EST" name="tc22InfiniteScroll" finished-at="2020-11-12T21:47:16 EST" duration-ms="2171" status="PASS">
          <reporter-output>
          </reporter-output>
        </test-method> <!-- tc22InfiniteScroll -->
        <test-method signature="tc23Input()[pri:0, instance:theInternet.pages.TheInternet@657c8ad9]" started-at="2020-11-12T21:47:16 EST" name="tc23Input" finished-at="2020-11-12T21:47:17 EST" duration-ms="1852" status="PASS">
          <reporter-output>
          </reporter-output>
        </test-method> <!-- tc23Input -->
        <test-method signature="tc24JQueryUiMenu()[pri:0, instance:theInternet.pages.TheInternet@657c8ad9]" started-at="2020-11-12T21:47:17 EST" name="tc24JQueryUiMenu" finished-at="2020-11-12T21:47:18 EST" duration-ms="497" status="PASS">
          <reporter-output>
          </reporter-output>
        </test-method> <!-- tc24JQueryUiMenu -->
        <test-method signature="tc25JavascriptAlerts()[pri:0, instance:theInternet.pages.TheInternet@657c8ad9]" started-at="2020-11-12T21:47:18 EST" name="tc25JavascriptAlerts" finished-at="2020-11-12T21:47:19 EST" duration-ms="742" status="PASS">
          <reporter-output>
          </reporter-output>
        </test-method> <!-- tc25JavascriptAlerts -->
        <test-method signature="tc26JavascriptErrorPage()[pri:0, instance:theInternet.pages.TheInternet@657c8ad9]" started-at="2020-11-12T21:47:19 EST" name="tc26JavascriptErrorPage" finished-at="2020-11-12T21:47:19 EST" duration-ms="129" status="PASS">
          <reporter-output>
          </reporter-output>
        </test-method> <!-- tc26JavascriptErrorPage -->
        <test-method signature="tc27KeyPresses()[pri:0, instance:theInternet.pages.TheInternet@657c8ad9]" started-at="2020-11-12T21:47:19 EST" name="tc27KeyPresses" finished-at="2020-11-12T21:47:19 EST" duration-ms="173" status="PASS">
          <reporter-output>
          </reporter-output>
        </test-method> <!-- tc27KeyPresses -->
        <test-method signature="tc28MultipleWindows()[pri:0, instance:theInternet.pages.TheInternet@657c8ad9]" started-at="2020-11-12T21:47:19 EST" name="tc28MultipleWindows" finished-at="2020-11-12T21:47:19 EST" duration-ms="258" status="PASS">
          <reporter-output>
          </reporter-output>
        </test-method> <!-- tc28MultipleWindows -->
        <test-method signature="tc29NestedFrames()[pri:0, instance:theInternet.pages.TheInternet@657c8ad9]" started-at="2020-11-12T21:47:19 EST" name="tc29NestedFrames" finished-at="2020-11-12T21:47:25 EST" duration-ms="5298" status="PASS">
          <reporter-output>
          </reporter-output>
        </test-method> <!-- tc29NestedFrames -->
        <test-method signature="tc9DragAndDrop()[pri:0, instance:theInternet.pages.TheInternet@657c8ad9]" started-at="2020-11-12T21:47:25 EST" name="tc9DragAndDrop" finished-at="2020-11-12T21:47:35 EST" duration-ms="10355" status="PASS">
          <reporter-output>
          </reporter-output>
        </test-method> <!-- tc9DragAndDrop -->
        <test-method is-config="true" signature="afterTest()[pri:0, instance:theInternet.pages.TheInternet@657c8ad9]" started-at="2020-11-12T21:47:35 EST" name="afterTest" finished-at="2020-11-12T21:47:35 EST" duration-ms="112" status="PASS">
          <reporter-output>
          </reporter-output>
        </test-method> <!-- afterTest -->
      </class> <!-- theInternet.pages.TheInternet -->
    </test> <!-- Default test -->
  </suite> <!-- Default suite -->
</testng-results>
